<?xml version="1.0" encoding="UTF-8"?>
<testsuite xmlns:xsi="http://www.w3.org/2001/XMLSchema-instance" xsi:noNamespaceSchemaLocation="https://maven.apache.org/surefire/maven-surefire-plugin/xsd/surefire-test-report.xsd" name="org.keycloak.protocol.oidc.federation.tests.TestTrustChains" time="1.512" tests="2" errors="0" skipped="0" failures="0">
  <properties>
[...]
</properties>
  <testcase name="test1" classname="org.keycloak.protocol.oidc.federation.tests.TestTrustChains" time="1.354"/>
  <testcase name="test2" classname="org.keycloak.protocol.oidc.federation.tests.TestTrustChains" time="0.157"/>
</testsuite>